<?xml version="1.0" encoding="UTF-8"?>
<testsuite xmlns:xsi="http://www.w3.org/2001/XMLSchema-instance" xsi:noNamespaceSchemaLocation="https://maven.apache.org/surefire/maven-surefire-plugin/xsd/surefire-test-report-3.0.xsd" version="3.0" name="RestAssuredTest" time="1.992" tests="2" errors="0" skipped="0" failures="0">
  <properties>
[...]
</properties>
  <testcase name="testGetUser" classname="RestAssuredTest" time="1.566"/>
  <testcase name="testCreatePost" classname="RestAssuredTest" time="0.411">
    <system-out><![CDATA[Response: {
  "title": "foo",
  "body": "bar",
  "userId": 1,
  "id": 101
}
]]></system-out>
  </testcase>
</testsuite>